<?xml version="1.0" encoding="UTF-8"?>
<!-- Generated by org.testng.reporters.JUnitReportReporter -->
<testsuite hostname="asda1716po02925" name="GetUrl" tests="1" failures="0" timestamp="13 Jul 2017 05:32:23 GMT" time="1.737" errors="0">
  <testcase name="boardidtestStatusCode" time="1.737" classname="GetUrl"/>
</testsuite> <!-- GetUrl -->
