<?xml version="1.0" encoding="UTF-8"?>
<!-- Generated by org.testng.reporters.JUnitReportReporter -->
<testsuite hostname="asda1716po02925" name="version3" tests="1" failures="0" timestamp="18 Jul 2017 11:56:07 GMT" time="2.617" errors="0">
  <testcase name="boardtestStatusCode" time="2.617" classname="version3"/>
</testsuite> <!-- version3 -->
