<?xml version="1.0" encoding="UTF-8"?>
<!-- Generated by org.testng.reporters.JUnitReportReporter -->
<testsuite hostname="asda1716po02925" name="version3" tests="1" failures="0" timestamp="18 Jul 2017 08:51:48 GMT" time="1.714" errors="0">
  <testcase name="boardtestStatusCode" time="1.714" classname="version3"/>
</testsuite> <!-- version3 -->
