<?xml version="1.0" encoding="UTF-8"?>
<!-- Generated by org.testng.reporters.JUnitReportReporter -->
<testsuite hostname="asda1716po02925" name="version2" tests="6" failures="0" timestamp="18 Jul 2017 08:25:38 GMT" time="3.267" errors="0">
  <testcase name="updateplayerdetails" time="0.062" classname="version2"/>
  <testcase name="newPlayer_POST" time="0.446" classname="version2"/>
  <testcase name="boardtestStatusCode" time="1.895" classname="version2"/>
  <testcase name="getplayerdetails" time="0.114" classname="version2"/>
  <testcase name="newboard" time="0.663" classname="version2"/>
  <testcase name="detailsofboard" time="0.087" classname="version2"/>
</testsuite> <!-- version2 -->
